2021-08-12T14:10:06+00:00 CRITICAL Uncaught Error: Attempt to assign property "translations" on null in C:\xampp\htdocs\staging\wp-content\plugins\woocommerce\includes\admin\helper\class-wc-helper-updater.php:81
Stack trace:
#0 C:\xampp\htdocs\staging\wp-includes\class-wp-hook.php(305): WC_Helper_Updater::transient_update_plugins(NULL)
#1 C:\xampp\htdocs\staging\wp-includes\plugin.php(189): WP_Hook->apply_filters(NULL, Array)
#2 C:\xampp\htdocs\staging\wp-includes\option.php(1977): apply_filters('pre_set_site_tr...', Object(stdClass), 'update_plugins')
#3 C:\xampp\htdocs\staging\wp-includes\update.php(357): set_site_transient('update_plugins', Object(stdClass))
#4 C:\xampp\htdocs\staging\wp-includes\update.php(899): wp_update_plugins()
#5 C:\xampp\htdocs\staging\wp-includes\class-wp-hook.php(303): _maybe_update_plugins('')
#6 C:\xampp\htdocs\staging\wp-includes\class-wp-hook.php(327): WP_Hook->apply_filters(NULL, Array)
#7 C:\xampp\htdocs\staging\wp-includes\plugin.php(470): WP_Hook->do_action(Array)
#8 C:\xampp\htdocs\staging\wp-admin\admin.php(175): do_action('admin_init')
#9 C:\xampp\htdocs\staging\wp-admin\plugins.php(10): require_once('C:\\xampp\\htdocs...')
#10 {main}
  thrown in C:\xampp\htdocs\staging\wp-content\plugins\woocommerce\includes\admin\helper\class-wc-helper-updater.php on line 81

2021-08-12T14:11:52+00:00 CRITICAL Uncaught Error: Attempt to assign property "translations" on null in C:\xampp\htdocs\staging\wp-content\plugins\woocommerce\includes\admin\helper\class-wc-helper-updater.php:81
Stack trace:
#0 C:\xampp\htdocs\staging\wp-includes\class-wp-hook.php(305): WC_Helper_Updater::transient_update_plugins(NULL)
#1 C:\xampp\htdocs\staging\wp-includes\plugin.php(189): WP_Hook->apply_filters(NULL, Array)
#2 C:\xampp\htdocs\staging\wp-includes\option.php(1977): apply_filters('pre_set_site_tr...', Object(stdClass), 'update_plugins')
#3 C:\xampp\htdocs\staging\wp-includes\update.php(357): set_site_transient('update_plugins', Object(stdClass))
#4 C:\xampp\htdocs\staging\wp-includes\update.php(899): wp_update_plugins()
#5 C:\xampp\htdocs\staging\wp-includes\class-wp-hook.php(303): _maybe_update_plugins('')
#6 C:\xampp\htdocs\staging\wp-includes\class-wp-hook.php(327): WP_Hook->apply_filters(NULL, Array)
#7 C:\xampp\htdocs\staging\wp-includes\plugin.php(470): WP_Hook->do_action(Array)
#8 C:\xampp\htdocs\staging\wp-admin\admin.php(175): do_action('admin_init')
#9 C:\xampp\htdocs\staging\wp-admin\plugins.php(10): require_once('C:\\xampp\\htdocs...')
#10 {main}
  thrown in C:\xampp\htdocs\staging\wp-content\plugins\woocommerce\includes\admin\helper\class-wc-helper-updater.php on line 81

2021-08-12T14:12:24+00:00 CRITICAL Uncaught Error: Attempt to assign property "translations" on null in C:\xampp\htdocs\staging\wp-content\plugins\woocommerce\includes\admin\helper\class-wc-helper-updater.php:81
Stack trace:
#0 C:\xampp\htdocs\staging\wp-includes\class-wp-hook.php(305): WC_Helper_Updater::transient_update_plugins(NULL)
#1 C:\xampp\htdocs\staging\wp-includes\plugin.php(189): WP_Hook->apply_filters(NULL, Array)
#2 C:\xampp\htdocs\staging\wp-includes\option.php(1977): apply_filters('pre_set_site_tr...', Object(stdClass), 'update_plugins')
#3 C:\xampp\htdocs\staging\wp-includes\update.php(357): set_site_transient('update_plugins', Object(stdClass))
#4 C:\xampp\htdocs\staging\wp-includes\update.php(899): wp_update_plugins()
#5 C:\xampp\htdocs\staging\wp-includes\class-wp-hook.php(303): _maybe_update_plugins('')
#6 C:\xampp\htdocs\staging\wp-includes\class-wp-hook.php(327): WP_Hook->apply_filters(NULL, Array)
#7 C:\xampp\htdocs\staging\wp-includes\plugin.php(470): WP_Hook->do_action(Array)
#8 C:\xampp\htdocs\staging\wp-admin\admin.php(175): do_action('admin_init')
#9 C:\xampp\htdocs\staging\wp-admin\plugins.php(10): require_once('C:\\xampp\\htdocs...')
#10 {main}
  thrown in C:\xampp\htdocs\staging\wp-content\plugins\woocommerce\includes\admin\helper\class-wc-helper-updater.php on line 81

2021-08-12T14:12:45+00:00 CRITICAL Uncaught Error: Attempt to assign property "translations" on null in C:\xampp\htdocs\staging\wp-content\plugins\woocommerce\includes\admin\helper\class-wc-helper-updater.php:81
Stack trace:
#0 C:\xampp\htdocs\staging\wp-includes\class-wp-hook.php(305): WC_Helper_Updater::transient_update_plugins(NULL)
#1 C:\xampp\htdocs\staging\wp-includes\plugin.php(189): WP_Hook->apply_filters(NULL, Array)
#2 C:\xampp\htdocs\staging\wp-includes\option.php(1977): apply_filters('pre_set_site_tr...', Object(stdClass), 'update_plugins')
#3 C:\xampp\htdocs\staging\wp-includes\update.php(357): set_site_transient('update_plugins', Object(stdClass))
#4 C:\xampp\htdocs\staging\wp-includes\update.php(899): wp_update_plugins()
#5 C:\xampp\htdocs\staging\wp-includes\class-wp-hook.php(303): _maybe_update_plugins('')
#6 C:\xampp\htdocs\staging\wp-includes\class-wp-hook.php(327): WP_Hook->apply_filters(NULL, Array)
#7 C:\xampp\htdocs\staging\wp-includes\plugin.php(470): WP_Hook->do_action(Array)
#8 C:\xampp\htdocs\staging\wp-admin\admin.php(175): do_action('admin_init')
#9 C:\xampp\htdocs\staging\wp-admin\plugins.php(10): require_once('C:\\xampp\\htdocs...')
#10 {main}
  thrown in C:\xampp\htdocs\staging\wp-content\plugins\woocommerce\includes\admin\helper\class-wc-helper-updater.php on line 81

2021-08-12T14:19:20+00:00 CRITICAL Maximum execution time of 300 seconds exceeded in C:\xampp\htdocs\staging\wp-includes\wp-db.php on line 2056

2021-08-12T14:31:56+00:00 CRITICAL Maximum execution time of 120 seconds exceeded in C:\xampp\htdocs\staging\wp-includes\wp-db.php on line 2056

2021-08-12T14:57:55+00:00 CRITICAL Uncaught Error: Attempt to assign property "translations" on null in C:\xampp\htdocs\staging\wp-content\plugins\woocommerce\includes\admin\helper\class-wc-helper-updater.php:81
Stack trace:
#0 C:\xampp\htdocs\staging\wp-includes\class-wp-hook.php(305): WC_Helper_Updater::transient_update_plugins(NULL)
#1 C:\xampp\htdocs\staging\wp-includes\plugin.php(189): WP_Hook->apply_filters(NULL, Array)
#2 C:\xampp\htdocs\staging\wp-includes\option.php(1977): apply_filters('pre_set_site_tr...', Object(stdClass), 'update_plugins')
#3 C:\xampp\htdocs\staging\wp-admin\includes\plugin.php(1034): set_site_transient('update_plugins', Object(stdClass))
#4 C:\xampp\htdocs\staging\wp-admin\includes\ajax-actions.php(4596): delete_plugins(Array)
#5 C:\xampp\htdocs\staging\wp-includes\class-wp-hook.php(303): wp_ajax_delete_plugin('')
#6 C:\xampp\htdocs\staging\wp-includes\class-wp-hook.php(327): WP_Hook->apply_filters('', Array)
#7 C:\xampp\htdocs\staging\wp-includes\plugin.php(470): WP_Hook->do_action(Array)
#8 C:\xampp\htdocs\staging\wp-admin\admin-ajax.php(187): do_action('wp_ajax_delete-...')
#9 {main}
  thrown in C:\xampp\htdocs\staging\wp-content\plugins\woocommerce\includes\admin\helper\class-wc-helper-updater.php on line 81

2021-08-12T14:59:48+00:00 CRITICAL Uncaught Error: Attempt to assign property "translations" on null in C:\xampp\htdocs\staging\wp-content\plugins\woocommerce\includes\admin\helper\class-wc-helper-updater.php:81
Stack trace:
#0 C:\xampp\htdocs\staging\wp-includes\class-wp-hook.php(305): WC_Helper_Updater::transient_update_plugins(NULL)
#1 C:\xampp\htdocs\staging\wp-includes\plugin.php(189): WP_Hook->apply_filters(NULL, Array)
#2 C:\xampp\htdocs\staging\wp-includes\option.php(1977): apply_filters('pre_set_site_tr...', Object(stdClass), 'update_plugins')
#3 C:\xampp\htdocs\staging\wp-admin\includes\plugin.php(1034): set_site_transient('update_plugins', Object(stdClass))
#4 C:\xampp\htdocs\staging\wp-admin\includes\ajax-actions.php(4596): delete_plugins(Array)
#5 C:\xampp\htdocs\staging\wp-includes\class-wp-hook.php(303): wp_ajax_delete_plugin('')
#6 C:\xampp\htdocs\staging\wp-includes\class-wp-hook.php(327): WP_Hook->apply_filters('', Array)
#7 C:\xampp\htdocs\staging\wp-includes\plugin.php(470): WP_Hook->do_action(Array)
#8 C:\xampp\htdocs\staging\wp-admin\admin-ajax.php(187): do_action('wp_ajax_delete-...')
#9 {main}
  thrown in C:\xampp\htdocs\staging\wp-content\plugins\woocommerce\includes\admin\helper\class-wc-helper-updater.php on line 81

2021-08-12T14:59:54+00:00 CRITICAL Uncaught Error: Attempt to assign property "translations" on null in C:\xampp\htdocs\staging\wp-content\plugins\woocommerce\includes\admin\helper\class-wc-helper-updater.php:81
Stack trace:
#0 C:\xampp\htdocs\staging\wp-includes\class-wp-hook.php(305): WC_Helper_Updater::transient_update_plugins(NULL)
#1 C:\xampp\htdocs\staging\wp-includes\plugin.php(189): WP_Hook->apply_filters(NULL, Array)
#2 C:\xampp\htdocs\staging\wp-includes\option.php(1977): apply_filters('pre_set_site_tr...', Object(stdClass), 'update_plugins')
#3 C:\xampp\htdocs\staging\wp-admin\includes\plugin.php(1034): set_site_transient('update_plugins', Object(stdClass))
#4 C:\xampp\htdocs\staging\wp-admin\includes\ajax-actions.php(4596): delete_plugins(Array)
#5 C:\xampp\htdocs\staging\wp-includes\class-wp-hook.php(303): wp_ajax_delete_plugin('')
#6 C:\xampp\htdocs\staging\wp-includes\class-wp-hook.php(327): WP_Hook->apply_filters('', Array)
#7 C:\xampp\htdocs\staging\wp-includes\plugin.php(470): WP_Hook->do_action(Array)
#8 C:\xampp\htdocs\staging\wp-admin\admin-ajax.php(187): do_action('wp_ajax_delete-...')
#9 {main}
  thrown in C:\xampp\htdocs\staging\wp-content\plugins\woocommerce\includes\admin\helper\class-wc-helper-updater.php on line 81

2021-08-12T14:59:58+00:00 CRITICAL Uncaught Error: Attempt to assign property "translations" on null in C:\xampp\htdocs\staging\wp-content\plugins\woocommerce\includes\admin\helper\class-wc-helper-updater.php:81
Stack trace:
#0 C:\xampp\htdocs\staging\wp-includes\class-wp-hook.php(305): WC_Helper_Updater::transient_update_plugins(NULL)
#1 C:\xampp\htdocs\staging\wp-includes\plugin.php(189): WP_Hook->apply_filters(NULL, Array)
#2 C:\xampp\htdocs\staging\wp-includes\option.php(1977): apply_filters('pre_set_site_tr...', Object(stdClass), 'update_plugins')
#3 C:\xampp\htdocs\staging\wp-admin\includes\plugin.php(1034): set_site_transient('update_plugins', Object(stdClass))
#4 C:\xampp\htdocs\staging\wp-admin\includes\ajax-actions.php(4596): delete_plugins(Array)
#5 C:\xampp\htdocs\staging\wp-includes\class-wp-hook.php(303): wp_ajax_delete_plugin('')
#6 C:\xampp\htdocs\staging\wp-includes\class-wp-hook.php(327): WP_Hook->apply_filters('', Array)
#7 C:\xampp\htdocs\staging\wp-includes\plugin.php(470): WP_Hook->do_action(Array)
#8 C:\xampp\htdocs\staging\wp-admin\admin-ajax.php(187): do_action('wp_ajax_delete-...')
#9 {main}
  thrown in C:\xampp\htdocs\staging\wp-content\plugins\woocommerce\includes\admin\helper\class-wc-helper-updater.php on line 81

2021-08-12T15:00:01+00:00 CRITICAL Uncaught Error: Attempt to assign property "translations" on null in C:\xampp\htdocs\staging\wp-content\plugins\woocommerce\includes\admin\helper\class-wc-helper-updater.php:81
Stack trace:
#0 C:\xampp\htdocs\staging\wp-includes\class-wp-hook.php(305): WC_Helper_Updater::transient_update_plugins(NULL)
#1 C:\xampp\htdocs\staging\wp-includes\plugin.php(189): WP_Hook->apply_filters(NULL, Array)
#2 C:\xampp\htdocs\staging\wp-includes\option.php(1977): apply_filters('pre_set_site_tr...', Object(stdClass), 'update_plugins')
#3 C:\xampp\htdocs\staging\wp-admin\includes\plugin.php(1034): set_site_transient('update_plugins', Object(stdClass))
#4 C:\xampp\htdocs\staging\wp-admin\includes\ajax-actions.php(4596): delete_plugins(Array)
#5 C:\xampp\htdocs\staging\wp-includes\class-wp-hook.php(303): wp_ajax_delete_plugin('')
#6 C:\xampp\htdocs\staging\wp-includes\class-wp-hook.php(327): WP_Hook->apply_filters('', Array)
#7 C:\xampp\htdocs\staging\wp-includes\plugin.php(470): WP_Hook->do_action(Array)
#8 C:\xampp\htdocs\staging\wp-admin\admin-ajax.php(187): do_action('wp_ajax_delete-...')
#9 {main}
  thrown in C:\xampp\htdocs\staging\wp-content\plugins\woocommerce\includes\admin\helper\class-wc-helper-updater.php on line 81

2021-08-12T15:00:04+00:00 CRITICAL Uncaught Error: Attempt to assign property "translations" on null in C:\xampp\htdocs\staging\wp-content\plugins\woocommerce\includes\admin\helper\class-wc-helper-updater.php:81
Stack trace:
#0 C:\xampp\htdocs\staging\wp-includes\class-wp-hook.php(305): WC_Helper_Updater::transient_update_plugins(NULL)
#1 C:\xampp\htdocs\staging\wp-includes\plugin.php(189): WP_Hook->apply_filters(NULL, Array)
#2 C:\xampp\htdocs\staging\wp-includes\option.php(1977): apply_filters('pre_set_site_tr...', Object(stdClass), 'update_plugins')
#3 C:\xampp\htdocs\staging\wp-admin\includes\plugin.php(1034): set_site_transient('update_plugins', Object(stdClass))
#4 C:\xampp\htdocs\staging\wp-admin\includes\ajax-actions.php(4596): delete_plugins(Array)
#5 C:\xampp\htdocs\staging\wp-includes\class-wp-hook.php(303): wp_ajax_delete_plugin('')
#6 C:\xampp\htdocs\staging\wp-includes\class-wp-hook.php(327): WP_Hook->apply_filters('', Array)
#7 C:\xampp\htdocs\staging\wp-includes\plugin.php(470): WP_Hook->do_action(Array)
#8 C:\xampp\htdocs\staging\wp-admin\admin-ajax.php(187): do_action('wp_ajax_delete-...')
#9 {main}
  thrown in C:\xampp\htdocs\staging\wp-content\plugins\woocommerce\includes\admin\helper\class-wc-helper-updater.php on line 81

